8086/87/88/186/187 MACRO ASSEMBLER    CSTART                                               17:26:41  04/26/<0  PAGE    1


DOS 5.0 (046-N) 8086/87/88/186/187 MACRO ASSEMBLER V3.3 ASSEMBLY OF MODULE CSTART
OBJECT MODULE PLACED IN CSTART.OBJ
ASSEMBLER INVOKED BY:  C:\IC86_41\ASM86.EXE CSTART.ASM PRINT%DEFINE(CONTROLS)(SM RAM FP MOD86 ASM86 EM)


LOC  OBJ                  LINE     SOURCE

                             1     ;/*
                             2     ; *                 INTEL CORPORATION PROPRIETARY INFORMATION
                             3     ; *
                             4     ; *           This software is supplied under the terms of a
                             5     ; *           license agreement or non-disclosure agreement with
                             6     ; *           Intel Corporation and may not be copied or disclosed
                             7     ; *           except in accordance with the terms of that agreement.
                             8     ; *
                             9     ; *   Title:  cstart
                            10     ; */
                            11     ; This is the starting point for all c programs.
                            12     ; $Version: 1.38 $
                            13     ; Copyright (C) 1988 Intel Corporation, ALL RIGHTS RESERVED
                            14     
                            15 +1  
                            16     
                            17     
                            18     
                            19     
                            20     
                            21     
                            22     
                            23     
                            24     
                            25     
                            26 +3  
                            27     
                            28 +1  $include(:include:util.ah)
                      =1    29     ; macros and defines for assembly language code
                      =1    30     ; $Version: 1.16 $
                      =1    31     ; Copyright (C) 1988, 89 Intel Corporation, ALL RIGHTS RESERVED
                      =1    32     
                      =1    33     
                      =1    34     
                      =1    35     
                      =1    36     
                      =1    37     
                      =1    38     
                      =1    39     
                      =1    40     
                      =1    41     
                      =1    42     
                      =1    43     
                      =1    44     
                      =1    45     
                      =1    46     
                      =1    47     
                      =1    48     
                      =1    49     
                      =1    50     
8086/87/88/186/187 MACRO ASSEMBLER    CSTART                                               17:26:41  04/26/<0  PAGE    2


LOC  OBJ                  LINE     SOURCE

                      =1    51     
                      =1    52     
                      =1    53     
                      =1    54     
                      =1    55     
                      =1    56     
                      =1    57     
                      =1    58     
                      =1    59     
                      =1    60     
                      =1    61     
                      =1    62     
                      =1    63     
                      =1    64     
                      =1    65     
                      =1    66     
                      =1    67     
                      =1    68     
                      =1    69     
                      =1    70     
                      =1    71     
                      =1    72 +2  
                      =1    73 +3  
                      =1    74 +3  
                      =1    75 +3  
                      =1    76 +3  
                      =1    77 +3  
                      =1    78 +3  
                      =1    79     
                      =1    80     
                      =1    81 +1  
                      =1    82 +2  
                      =1    83 +2          
                      =1    84 +2          
                      =1    85 +4                  
                      =1    86 +2          
                      =1    87 +2          
                      =1    88 +2  
                      =1    89 +2          
                      =1    90 +2          
                      =1    91 +6                  
                      =1    92 +2          
                      =1    93 +2          
                      =1    94 +2  
                      =1    95 +2          
                      =1    96 +2          
                      =1    97 +7                  
                      =1    98 +2          
                      =1    99 +2          
                      =1   100 +2  
                      =1   101 +2          
                      =1   102 +2          
                      =1   103 +6                  
                      =1   104 +2          
                      =1   105 +2          
8086/87/88/186/187 MACRO ASSEMBLER    CSTART                                               17:26:41  04/26/<0  PAGE    3


LOC  OBJ                  LINE     SOURCE

                      =1   106 +2  
                      =1   107 +2          
                      =1   108 +2          
                      =1   109 +7                  
                      =1   110 +2          
                      =1   111 +2          
                      =1   112 +2  
                      =1   113 +2          
                      =1   114 +2          
                      =1   115 +6                  
                      =1   116 +2          
                      =1   117 +2          
                      =1   118 +2  
                      =1   119 +2          
                      =1   120 +2          
                      =1   121 +6                  
                      =1   122 +2          
                      =1   123 +2          
                      =1   124 +2  
                      =1   125 +2          
                      =1   126 +2          
                      =1   127 +7                  
                      =1   128 +2          
                      =1   129 +2          
                      =1   130 +2  
                      =1   131     
                      =1   132     
                      =1   133 +1  
                      =1   134 +1          
                      =1   135 +1          
                      =1   136 +1          
                      =1   137 +1          
                      =1   138 +1  
                      =1   139     
                      =1   140     
                      =1   141 +2  
                      =1   142 +2  
                      =1   143 +2  
                      =1   144 +2  
                      =1   145 +2  
                      =1   146     
                      =1   147     
                      =1   148     
                      =1   149 +1  
                      =1   150 +1          
                      =1   151 +2          
                      =1   152 +2                  
                      =1   153 +2          
                      =1   154 +1          
                      =1   155 +1          
                      =1   156 +1          
                      =1   157 +1          
                      =1   158 +1  
                      =1   159 +1          
                      =1   160     
8086/87/88/186/187 MACRO ASSEMBLER    CSTART                                               17:26:41  04/26/<0  PAGE    4


LOC  OBJ                  LINE     SOURCE

                      =1   161     
                      =1   162     
                      =1   163 +1  
                      =1   164 +1          
                      =1   165 +2          
                      =1   166 +2                  
                      =1   167 +2          
                      =1   168 +1          
                      =1   169 +1  
                      =1   170     
                      =1   171     
                      =1   172 +1  
                      =1   173 +3          
                      =1   174 +2          
                      =1   175 +2                  
                      =1   176 +2          
                      =1   177 +2          
                      =1   178 +2                  
                      =1   179 +2          
                      =1   180 +1  
                      =1   181     
                      =1   182     
                      =1   183 +1  
                      =1   184 +2          
                      =1   185 +2                  
                      =1   186 +2                  
                      =1   187 +2          
                      =1   188 +1  
                      =1   189     
                      =1   190     
                      =1   191 +1  
                      =1   192 +1          
                      =1   193 +1          
                      =1   194 +1          
                      =1   195 +1          
                      =1   196 +1  
                      =1   197     
                      =1   198     
                      =1   199 +1  
                      =1   200 +1          
                      =1   201 +1          
                      =1   202 +1          
                      =1   203 +1          
                      =1   204 +1                                                                  
                      =1   205     
                      =1   206     
                      =1   207     
                      =1   208     
                      =1   209     
                      =1   210     
                      =1   211     
                      =1   212     
                      =1   213     
                      =1   214     
                      =1   215     
8086/87/88/186/187 MACRO ASSEMBLER    CSTART                                               17:26:41  04/26/<0  PAGE    5


LOC  OBJ                  LINE     SOURCE

                      =1   216     
                      =1   217     
                      =1   218     
                      =1   219     
                      =1   220 +1          name    cstart
                      =1   221     
                      =1   222 +1  
----                  =1   223 +2          code    segment para public 'code'
----                  =1   224 +2          code    ends
----                  =1   225 +4           data   segment para public 'data'
----                  =1   226 +4           data   ends
----                  =1   227 +1          memory  segment para memory 'memory'
----                  =1   228 +1          memory  ends
----                  =1   229 +2          stack   segment para stack 'stack'
                      =1   230 +2                  
0000                  =1   231 +2                  cstart_tos      label word
----                  =1   232 +2          stack   ends
                      =1   233 +2          
----                  =1   234 +3                  const   segment para public 'const'
----                  =1   235 +3                  const   ends
                      =1   236 +2          
                      =1   237 +2          
                      =1   238 +3                  cgroup  group   code
                      =1   239 +2          
                      =1   240 +2          
                      =1   241 +4                  dgroup  group    data           , const         , stack, memory
                      =1   242 +2          
                      =1   243 +2                  assume  cs:cgroup
                      =1   244 +2                  assume  ds:dgroup
                      =1   245 +1                  assume  es:nothing
                      =1   246 +3                  assume  ss:dgroup
                      =1   247 +1  
                      =1   248     
                      =1   249 +2  
                           250     
                           251 +2  
                           252     
----                       253 +3           data   segment
0000 ????                  254                     dw      ?
----                       255 +3           data   ends
                           256     
----                       257 +1          const   segment
0000 ????                  258                     dw      ?
----                       259 +1          const   ends
                           260     
                           261 +1  
----                       262 +2          stack   segment
0000 ????                  263 +1          stacktop        dw      ?
----                       264 +2          stack   ends
                           265 +1  
                           266     
                           267     ;
                           268     ;       External data and program linkage:
                           269     ;
                           270 +1  
8086/87/88/186/187 MACRO ASSEMBLER    CSTART                                               17:26:41  04/26/<0  PAGE    6


LOC  OBJ                  LINE     SOURCE

                           271     
                           272 +1  
                           273 +1                          
                           274 +1                  
----                       275 +2                  code    segment
                           276 +2                          extrn   main:near
----                       277 +2                  code    ends
                           278 +1          
                           279     
                           280 +1  
                           281     
----                       282 +1  code    segment
                           283     
0000                       284     begin:
                           285             ;
                           286             ; Initialize the C-Library and the environment (if necessary):
                           287             ;
                           288 +1  
                           289 +1          
                           290     
                           291 +1  
                           292 +1          
                           293     
                           294             ;
                           295             ; Invoke the user's program:
                           296             ;
                           297 +1  
0000 E80000         E      298 +1          call    main                    ; no parameters passed to main()
0003 F4                    299 +1          hlt                             ; ERROR:  no return expected in a 
                           300 +1                                          ;         non-hosted environment
                           301 +1  
                           302 +1  
                           303     
----                       304 +1  code    ends
                           305     
                           306 +1          end     begin,  ds:dgroup,                      ss:dgroup  :stacktop 

ASSEMBLY COMPLETE, NO ERRORS FOUND
